<?xml version="1.0" encoding="UTF-8"?>
<!-- Generated by org.testng.reporters.JUnitReportReporter -->
<testsuite hostname="sonal" failures="0" tests="9" name="crm.tastcases.LoginPageTest" time="93.705" errors="0" timestamp="27 Sep 2023 07:26:14 GMT">
  <testcase classname="crm.tastcases.LoginPageTest" name="verifyCRMlogo" time="9.093"/>
  <testcase classname="crm.tastcases.LoginPageTest" name="verifylinks" time="8.698"/>
  <testcase classname="crm.tastcases.LoginPageTest" name="ValidateTilte" time="8.886"/>
  <testcase classname="crm.tastcases.LoginPageTest" name="ContactLink" time="9.611"/>
  <testcase classname="crm.tastcases.LoginPageTest" name="FeaturesLink" time="9.310"/>
  <testcase classname="crm.tastcases.LoginPageTest" name="Pricinglink" time="9.185"/>
  <testcase classname="crm.tastcases.LoginPageTest" name="SignupLink" time="8.764"/>
  <testcase classname="crm.tastcases.LoginPageTest" name="Customerslink" time="9.147"/>
  <testcase classname="crm.tastcases.LoginPageTest" name="loginToApplication" time="21.011"/>
</testsuite> <!-- crm.tastcases.LoginPageTest -->
